<?xml version="1.0" encoding="UTF-8"?>
<!-- Generated by org.testng.reporters.JUnitReportReporter -->
<testsuite skipped="0" hostname="Admin" name="Demos.Demo01_TestNGClass" tests="1" failures="0" timestamp="08 Jul 2020 04:47:23 GMT" time="0.031" errors="0">
  <testcase name="test" time="0.031" classname="Demos.Demo01_TestNGClass"/>
</testsuite> <!-- Demos.Demo01_TestNGClass -->
