<?xml version="1.0" encoding="UTF-8"?>
<!-- Generated by org.testng.reporters.JUnitReportReporter -->
<testsuite skipped="0" hostname="Admin" name="Demos.Demo05_Attributes" tests="4" failures="0" timestamp="08 Jul 2020 06:10:32 GMT" time="0.047" errors="0">
  <testcase name="login" time="0.031" classname="Demos.Demo05_Attributes"/>
  <testcase name="test1" time="0.016" classname="Demos.Demo05_Attributes"/>
  <testcase name="Dashboard" time="0.000" classname="Demos.Demo05_Attributes"/>
  <testcase name="logout" time="0.000" classname="Demos.Demo05_Attributes"/>
</testsuite> <!-- Demos.Demo05_Attributes -->
