<?xml version="1.0" encoding="UTF-8"?>
<!-- Generated by org.testng.reporters.JUnitReportReporter -->
<testsuite skipped="0" hostname="Admin" name="Demos.Demo06_Grouping" tests="2" failures="0" timestamp="08 Jul 2020 05:57:19 GMT" time="0.031" errors="0">
  <testcase name="car3" time="0.000" classname="Demos.Demo06_Grouping"/>
  <testcase name="car" time="0.031" classname="Demos.Demo06_Grouping"/>
</testsuite> <!-- Demos.Demo06_Grouping -->
