<?xml version="1.0" encoding="UTF-8"?>
<!-- Generated by org.testng.reporters.JUnitReportReporter -->
<testsuite skipped="0" hostname="Admin" name="Demos.Demo04_Testflow" tests="2" failures="0" timestamp="10 Jul 2020 06:18:46 GMT" time="0.008" errors="0">
  <testcase name="f" time="0.000" classname="Demos.Demo04_Testflow"/>
  <testcase name="f" time="0.008" classname="Demos.Demo04_Testflow"/>
</testsuite> <!-- Demos.Demo04_Testflow -->
