<?xml version="1.0" encoding="UTF-8"?>
<!-- Generated by org.testng.reporters.JUnitReportReporter -->
<testsuite skipped="0" hostname="Admin" name="Demos.Demo03_DataProvider" tests="3" failures="0" timestamp="10 Jul 2020 06:07:32 GMT" time="0.048" errors="0">
  <testcase name="f" time="0.008" classname="Demos.Demo03_DataProvider"/>
  <testcase name="f" time="0.008" classname="Demos.Demo03_DataProvider"/>
  <testcase name="f" time="0.032" classname="Demos.Demo03_DataProvider"/>
</testsuite> <!-- Demos.Demo03_DataProvider -->
