<?xml version="1.0" encoding="UTF-8"?>
<!-- Generated by org.testng.reporters.JUnitReportReporter -->
<testsuite skipped="0" hostname="Admin" name="Demos.Demo02_Parameters_Optional" tests="1" failures="0" timestamp="08 Jul 2020 04:48:35 GMT" time="0.000" errors="0">
  <testcase name="test" time="0.000" classname="Demos.Demo02_Parameters_Optional"/>
</testsuite> <!-- Demos.Demo02_Parameters_Optional -->
