<?xml version="1.0" encoding="UTF-8"?>
<!-- Generated by org.testng.reporters.JUnitReportReporter -->
<testsuite skipped="0" hostname="Admin" name="Demos.demotestquiz" tests="2" failures="0" timestamp="16 Jul 2020 10:17:26 GMT" time="0.041" errors="0">
  <testcase name="color2" time="0.010" classname="Demos.demotestquiz"/>
  <testcase name="color1" time="0.031" classname="Demos.demotestquiz"/>
</testsuite> <!-- Demos.demotestquiz -->
